info	2022:08:06 03:14:28	POST Request to /api/login/
info	2022:08:06 03:15:05	POST Request to /api/login/
info	2022:08:16 09:59:19	GET Request to /api/products/
info	2022:08:16 09:59:19	GET Request to /api/categories/
info	2022:08:16 09:59:19	GET Request to /api/categories/
info	2022:08:16 09:59:19	GET Request to /api/categories/
info	2022:08:16 09:59:19	GET Request to /api/products/
info	2022:08:16 09:59:20	GET Request to /api/products/
info	2022:08:16 09:59:20	GET Request to /api/products/
info	2022:08:16 09:59:20	GET Request to /shopping/images/a239308e-1f82-472e-b07f-34c827508082.jpg
info	2022:08:16 09:59:20	GET Request to /shopping/images/4d9c6127-527a-41ab-9cbc-25e34545f169.jpg
info	2022:08:16 09:59:20	GET Request to /shopping/images/2f3ca4d3-be93-4729-afb5-907136993449.jpg
info	2022:08:16 09:59:20	GET Request to /shopping/images/0cfd5a37-3e6d-4a18-93b2-4e40b9faedc7.jpg
info	2022:08:16 09:59:20	GET Request to /shopping/images/d7525a9a-01bd-4a53-ab2f-8f447c37e782.jpg
info	2022:08:16 09:59:21	GET Request to /shopping/images/64406618-b6dc-4ffd-a1ec-da12cd19fec2.jpg
info	2022:08:16 09:59:21	GET Request to /shopping/images/c0fd25a1-bfd5-4d3d-aa97-b7c17bc3c69e.jpg
info	2022:08:16 09:59:21	GET Request to /shopping/images/42491fb0-ae10-4f10-8e0c-cb96cf987128.jpg
info	2022:08:16 09:59:21	GET Request to /shopping/images/c7a0b402-9087-49a9-abfb-1ef0e3f05925.jpg
info	2022:08:16 09:59:21	GET Request to /shopping/images/0c6df02c-6482-41b2-a236-b492e2a57fb4.jpg
info	2022:08:16 09:59:21	GET Request to /shopping/images/e6940d88-0df3-4cad-acc7-eb58e9d4e347.jpg
info	2022:08:16 09:59:21	GET Request to /shopping/images/5d41c3a5-684f-44ac-b672-e1093c9633b8.jpg
info	2022:08:16 09:59:21	GET Request to /shopping/images/0f4cf7d9-cb74-4636-b104-0781f1804e2c.jpg
info	2022:08:16 09:59:21	GET Request to /shopping/images/029ef541-1420-4e18-83b4-f6b173c92193.jpg
info	2022:08:16 09:59:21	GET Request to /shopping/images/1fff3578-1fe2-4a31-b17b-3fd0a363064a.jpg
info	2022:08:16 09:59:21	GET Request to /shopping/images/29f54c52-cd4d-4bf6-a7f8-18e5504e3348.jpg
info	2022:08:16 09:59:21	GET Request to /shopping/images/80f5ad28-ed58-4f06-b340-b0d570198300.jpg
info	2022:08:16 09:59:21	GET Request to /shopping/images/8e731f20-0c1a-4f82-b6df-3990713abd61.jpg
info	2022:08:16 09:59:21	GET Request to /shopping/images/b1bc176b-e627-4ae8-afb7-7871719ccb0d.jpg
info	2022:08:16 09:59:21	GET Request to /shopping/images/b562708c-b070-4943-8cad-d40e0bd99ba9.jpg
info	2022:08:16 09:59:21	GET Request to /shopping/images/7da7703e-9d85-400a-87f4-0bffd8d2a76b.jpg
info	2022:08:16 09:59:21	GET Request to /shopping/images/ad94aeb7-727c-48ef-9d2f-09b42f9fac67.jpg
info	2022:08:16 09:59:21	GET Request to /shopping/images/1347c8c3-c051-43fd-b83b-9a90a95cea62.jpg
info	2022:08:16 09:59:21	GET Request to /shopping/images/e70cfe22-69cb-49b1-b475-131029891865.jpg
info	2022:08:16 09:59:21	GET Request to /shopping/images/5da04a74-8424-4955-b700-7cf581545c63.jpg
info	2022:08:16 09:59:21	GET Request to /shopping/images/9d0686f4-27da-466c-8f79-6ea5330c86f9.jpg
info	2022:08:16 09:59:21	GET Request to /shopping/images/efb7ea85-f5ae-4727-972a-6f2e460de1d3.jpg
info	2022:08:16 09:59:21	GET Request to /shopping/images/067ab6e4-68c6-4ba0-95cb-a990561b8dcb.jpg
info	2022:08:16 09:59:21	GET Request to /shopping/images/ee8f6387-0913-4682-8f6f-b5645c6b9b10.jpg
info	2022:08:16 09:59:21	GET Request to /shopping/images/17207278-4333-4474-9b26-a5db36dd4768.jpg
info	2022:08:16 09:59:21	GET Request to /shopping/images/24f33b1f-3763-4764-8547-00e1e2188b47.jpg
info	2022:08:16 09:59:21	GET Request to /shopping/images/3fb31ced-5e55-442c-8136-4031299cd59e.jpg
info	2022:08:16 09:59:21	GET Request to /shopping/images/38675a87-072b-4191-94b3-e3f3d48e9abc.jpg
info	2022:08:16 09:59:21	GET Request to /shopping/images/cbe043a5-f3f2-46aa-955e-60abe99d7aa9.jpg
info	2022:08:16 09:59:21	GET Request to /shopping/images/8b9b5dc9-ec61-4b0a-b0e8-6f70c56de7b4.jpg
info	2022:08:16 09:59:21	GET Request to /shopping/images/ae284b7d-729e-48ed-9297-5bde6fa58d0b.jpg
info	2022:08:16 09:59:21	GET Request to /shopping/images/5e5803bc-0c77-4d74-99aa-ff764b580895.jpg
info	2022:08:16 09:59:21	GET Request to /shopping/images/1076d389-7df8-4e99-9b2f-e3403d283bb3.jpg
info	2022:08:16 09:59:21	GET Request to /shopping/images/93c20568-d71d-4843-9484-368de971a0c9.jpg
info	2022:08:16 09:59:21	GET Request to /shopping/images/3cc5c494-e14a-4dec-9c87-2eda3b09feae.jpg
info	2022:08:16 09:59:21	GET Request to /shopping/images/9d9b2cd3-d920-4774-817f-2d665ce2612c.jpg
info	2022:08:16 09:59:21	GET Request to /shopping/images/25298161-799b-4729-ab15-aa2fb2c90fd2.jpg
info	2022:08:16 09:59:21	GET Request to /shopping/images/79442d29-9eee-4bc2-aee4-39b7f7fdec10.jpg
info	2022:08:16 09:59:21	GET Request to /shopping/images/af8dd089-26cb-4e3e-9289-6d37fa93dbcc.jpg
info	2022:08:16 09:59:21	GET Request to /shopping/images/244a16f2-66e5-4f1d-8f72-859dd49f4fcd.jpg
info	2022:08:16 09:59:21	GET Request to /shopping/images/0458e1f6-0e83-4768-8848-d4cc94f76815.jpg
info	2022:08:16 09:59:21	GET Request to /shopping/images/24cb8438-90fe-45f1-b83e-c84188112c10.jpg
info	2022:08:16 09:59:21	GET Request to /shopping/images/46bee2fc-b191-4c7b-a51b-bbe38fd10427.jpg
info	2022:08:16 09:59:21	GET Request to /shopping/images/81e7ecbd-3168-42f9-9ed7-4ddb02e9f142.jpg
info	2022:08:16 09:59:21	GET Request to /shopping/images/4f66578c-8dce-4187-af68-37167262aa57.jpg
info	2022:08:16 09:59:21	GET Request to /shopping/images/93d29026-2cb7-45bc-9c1d-37e4ea6bd11b.jpg
info	2022:08:16 09:59:21	GET Request to /shopping/images/641b4fc9-8d4b-4c3a-8dd8-0191aef502aa.jpg
info	2022:08:16 09:59:21	GET Request to /shopping/images/da13cf28-5afe-46bd-9e01-30de1c2391ae.jpg
info	2022:08:16 09:59:21	GET Request to /shopping/images/3d413f5c-d728-4d65-8978-007b9499ead7.jpg
info	2022:08:16 09:59:21	GET Request to /shopping/images/953bbed7-def9-4571-9568-2b39a82c0884.jpg
info	2022:08:16 09:59:21	GET Request to /shopping/images/d0464516-b7de-4d55-8ece-2434a15f3d84.jpg
info	2022:08:16 09:59:21	GET Request to /shopping/images/3f083692-2053-4b79-ac2a-b19ed9644f21.jpg
info	2022:08:16 09:59:21	GET Request to /shopping/images/8ec1b659-15cf-439b-8997-a1ce066de465.jpg
info	2022:08:16 09:59:21	GET Request to /shopping/images/5bec821a-cfad-4ede-aea9-e5b80a935810.jpg
info	2022:08:16 09:59:21	GET Request to /shopping/images/6b85e8c1-47cf-4896-ba5e-b9caaea1a5b4.jpg
info	2022:08:16 09:59:21	GET Request to /shopping/images/6f6ee6ce-aa8d-4422-87b2-61a0d62f7f56.jpg
info	2022:08:16 09:59:21	GET Request to /shopping/images/571016c1-da6a-4615-bf6d-676a8df7a659.jpg
info	2022:08:16 09:59:21	GET Request to /shopping/images/11f2da6a-5e0d-463d-b517-96d5457c293e.jpg
info	2022:08:16 09:59:21	GET Request to /shopping/images/649d3a77-5294-4551-99c1-76f0189d617c.jpg
info	2022:08:16 09:59:21	GET Request to /shopping/images/1782d50c-0db6-4ecf-af79-db1b114cf452.jpg
info	2022:08:16 09:59:21	GET Request to /shopping/images/8d59c33c-6b48-45ac-9e13-8add3303b3eb.jpg
info	2022:08:16 09:59:21	GET Request to /shopping/images/dd27106c-1920-4e1c-8917-fd25e4709d08.jpg
info	2022:08:16 09:59:21	GET Request to /shopping/images/437f5843-7404-4e1f-8a49-4570427c0a14.jpg
info	2022:08:16 09:59:21	GET Request to /shopping/images/2ee2cb00-ee6d-4579-a34a-8f64b22c8fa1.jpg
info	2022:08:16 09:59:21	GET Request to /shopping/images/cafca335-6713-458a-bb21-2125c19b4c38.jpg
info	2022:08:16 09:59:21	GET Request to /shopping/images/9346255a-0d5f-4dc9-8cba-c3cbb11f4ece.jpg
info	2022:08:16 09:59:21	GET Request to /shopping/images/25c71e9f-f824-47c4-aa3f-52cf1e484b6a.jpg
info	2022:08:16 09:59:21	GET Request to /shopping/images/e3c66abd-dc81-4f39-9854-8ed811b8bda3.jpg
info	2022:08:16 09:59:21	GET Request to /shopping/images/d10ab319-ef9b-466e-89a5-8c01f0faaad3.jpg
info	2022:08:16 09:59:21	GET Request to /shopping/images/8b2c1708-908d-42be-9aeb-d6526f794f1c.jpg
info	2022:08:16 09:59:21	GET Request to /shopping/images/9d1ac07f-e0f4-421b-81f0-47c2caa8b94a.jpg
info	2022:08:16 09:59:21	GET Request to /shopping/images/2e0d2ac6-702e-4917-bba5-0011cb4bbdb5.jpg
info	2022:08:16 09:59:21	GET Request to /shopping/images/8fe9207f-e57a-4e63-93a5-13a5134ba059.jpg
info	2022:08:16 09:59:21	GET Request to /shopping/images/acff9bce-c983-4cf4-8c7e-e35142a88b97.jpg
info	2022:08:16 09:59:21	GET Request to /shopping/images/07fdf38b-8cb0-4d61-8621-b19e3169bfe9.jpg
info	2022:08:16 09:59:21	GET Request to /shopping/images/499acba2-a97a-4770-8ad3-4680cdbfe76f.jpg
info	2022:08:16 09:59:21	GET Request to /shopping/images/0ab79e7c-2e83-4241-b704-036e0fb9d963.jpg
info	2022:08:16 09:59:21	GET Request to /shopping/images/eabee916-30b2-4f7a-834b-3ad8f8c35274.jpg
info	2022:08:16 09:59:21	GET Request to /shopping/images/b3f1980b-0fb6-438b-ae3a-c2ae19bff71b.jpg
info	2022:08:16 09:59:21	GET Request to /shopping/images/058f7972-4a00-44b9-8328-da644e38eb89.jpg
info	2022:08:16 09:59:21	GET Request to /shopping/images/bf4ce2eb-337a-467e-83bf-d7882b8ae034.jpg
info	2022:08:16 09:59:21	GET Request to /shopping/images/b13cf707-547d-4d7d-b004-4d79014d0a4a.jpg
info	2022:08:16 09:59:21	GET Request to /shopping/images/12b5f9bc-6dc1-48f1-b112-e55a07e31224.jpg
info	2022:08:16 09:59:21	GET Request to /shopping/images/ea6ca7f6-d937-4ab0-88e5-5e3df57c06f1.jpg
info	2022:08:16 09:59:21	GET Request to /shopping/images/8b54704d-0801-4f0d-9eaa-81a2e3209d7a.jpg
info	2022:08:16 09:59:21	GET Request to /shopping/images/88b92b76-a4a9-4df2-b8ad-605bb2a7d176.jpg
info	2022:08:16 09:59:21	GET Request to /shopping/images/ca0f2730-d345-4416-8a44-650e6e4c116e.jpg
info	2022:08:16 09:59:21	GET Request to /shopping/images/8e558972-db77-4130-907a-2f01c18e65b1.jpg
info	2022:08:16 09:59:21	GET Request to /shopping/images/692ea1c6-c516-4d70-b447-3f02a46ea72e.jpg
info	2022:08:16 09:59:21	GET Request to /shopping/images/ca672bbe-8b73-4fcd-acf2-a61f27b0a8de.jpg
info	2022:08:16 09:59:21	GET Request to /shopping/images/ed042232-91d8-4a81-8604-558b80e08e0f.jpg
info	2022:08:16 09:59:21	GET Request to /shopping/images/84d5e445-52bb-4008-967d-cc86e84138ff.jpg
info	2022:08:16 09:59:21	GET Request to /shopping/images/d0a7640c-c622-49eb-b5a9-1025b74b5de4.jpg
info	2022:08:16 09:59:21	GET Request to /shopping/images/462baaff-70cd-4bed-bda9-3374797770b7.jpg
info	2022:08:16 09:59:21	GET Request to /shopping/images/14d644ee-6ccb-49de-94be-8929287e69d4.jpg
info	2022:08:16 09:59:21	GET Request to /shopping/images/5cec9961-5ce8-45a2-9039-ed686f717be3.jpg
info	2022:08:16 09:59:21	GET Request to /shopping/images/74b430f5-2211-448f-a2f1-8eb3ce89d5ce.jpg
info	2022:08:16 09:59:21	GET Request to /shopping/images/22e2ec32-d634-44e8-90b2-6ae33c0dfb9f.jpg
info	2022:08:16 09:59:21	GET Request to /shopping/images/78432a15-ed78-437f-a17d-e5c35c52dbd0.jpg
info	2022:08:16 09:59:21	GET Request to /shopping/images/77481d43-44f8-40db-baa5-a2edab55709f.jpg
info	2022:08:16 09:59:21	GET Request to /shopping/images/574948c7-248a-43a2-99cf-e668d82fbeca.jpg
info	2022:08:16 09:59:21	GET Request to /shopping/images/59cc0b44-b5f0-40a6-b733-1dbc0432725a.jpg
info	2022:08:16 09:59:21	GET Request to /shopping/images/15ae3a81-80e2-4377-85b6-2fa3e9257acd.jpg
info	2022:08:16 09:59:21	GET Request to /shopping/images/c2a5086a-9731-4c63-84ba-6cb7474882e9.jpg
info	2022:08:16 09:59:21	GET Request to /shopping/images/17a242c4-caa0-49fa-b8bf-ae2476ca08ca.jpg
info	2022:08:16 09:59:21	GET Request to /shopping/images/68174432-d515-4bd2-bcf4-8808a4d96c3b.jpg
info	2022:08:16 09:59:21	GET Request to /shopping/images/6ef43a2c-fda1-4e65-a9d8-706f80b4764e.jpg
info	2022:08:16 09:59:21	GET Request to /shopping/images/2111b540-21e9-4ead-8ab8-a49395361fbf.jpg
info	2022:08:16 09:59:21	GET Request to /shopping/images/4790cf49-addb-4ac1-9504-9f8ea49822f3.jpg
info	2022:08:16 09:59:21	GET Request to /shopping/images/a7cee0bd-33e9-4ac2-b6e3-b8d7f74b89f2.jpg
info	2022:08:16 09:59:22	GET Request to /shopping/images/a89a1b72-a49b-46ca-b155-54541c763cea.jpg
info	2022:08:16 09:59:22	GET Request to /shopping/images/43caf2ca-daca-41f3-a0c5-15f83df4a3d0.jpg
info	2022:08:16 09:59:22	GET Request to /shopping/images/876b949d-b9ad-4297-98ab-355f33322cba.jpg
info	2022:08:16 09:59:22	GET Request to /shopping/images/668c7eff-a9c1-462d-9833-de49e7f4b898.jpg
info	2022:08:16 09:59:22	GET Request to /shopping/images/e0ece8d0-9577-4410-8e2d-61474d72f7a7.jpg
info	2022:08:16 09:59:22	GET Request to /shopping/images/1561a324-3ba5-49d8-943b-c14608352fbf.jpg
info	2022:08:16 09:59:22	GET Request to /shopping/images/dea45981-e821-4885-9fc6-f53271c21b58.jpg
info	2022:08:16 09:59:22	GET Request to /shopping/images/e8e86548-cbc8-4d70-81b4-77bae0c359de.jpg
info	2022:08:16 09:59:22	GET Request to /shopping/images/b3d5d504-e122-496e-a40e-dc7b1cac48cb.jpg
info	2022:08:16 09:59:22	GET Request to /shopping/images/ff3cc643-9336-453d-96a4-1e59c9c29e1d.jpg
info	2022:08:16 09:59:22	GET Request to /shopping/images/5e6d8426-3b09-43f2-8aef-b4c9e7facdd1.jpg
info	2022:08:16 09:59:22	GET Request to /shopping/images/fa06cb7f-76d2-47a3-aa9a-383d62b0fa1e.jpg
info	2022:08:16 09:59:22	GET Request to /shopping/images/7456fab0-adfd-4bbf-81f0-1de9bb83b457.jpg
info	2022:08:16 09:59:22	GET Request to /shopping/images/b78a551c-975d-42eb-bf2c-ead176073b09.jpg
info	2022:08:16 09:59:22	GET Request to /shopping/images/5e5e7811-8cc2-4d65-bfd8-d51df0d8a755.jpg
info	2022:08:16 09:59:22	GET Request to /shopping/images/a9f0567b-f9c0-4aeb-aac1-cfc53a196410.jpg
info	2022:08:16 09:59:22	GET Request to /shopping/images/f9905037-7ea2-40bb-ae98-fea2deeca42b.jpg
info	2022:08:16 09:59:22	GET Request to /shopping/images/ce341704-5057-44a3-85e7-a6ea0088894e.jpg
info	2022:08:16 09:59:22	GET Request to /shopping/images/70122b65-7a15-41ab-936a-13c05b63b9e4.jpg
info	2022:08:16 09:59:22	GET Request to /shopping/images/2796bb2f-07ed-4c2b-a500-a0d9eee97fdc.jpg
info	2022:08:16 09:59:22	GET Request to /shopping/images/e8988f38-a6a1-4048-aca7-38a893f02290.jpg
info	2022:08:16 09:59:22	GET Request to /shopping/images/67240f46-752d-4392-97c8-f4c5e80bc1c2.jpg
info	2022:08:16 09:59:22	GET Request to /shopping/images/6e56ca58-1be5-4b14-a4e8-34a27bcdc3c5.jpg
info	2022:08:16 09:59:22	GET Request to /shopping/images/b1122207-429f-40b4-a4b4-2d9b2a94933a.jpg
info	2022:08:16 09:59:22	GET Request to /shopping/images/1e5e4346-8632-4c13-b212-a3918548c860.jpg
info	2022:08:16 09:59:22	GET Request to /shopping/images/557ec393-929e-45e7-bebe-fca3003587ed.jpg
info	2022:08:16 09:59:22	GET Request to /shopping/images/da3d280e-42b9-4765-af3a-a0c86b31d4be.jpg
info	2022:08:16 09:59:22	GET Request to /shopping/images/d23ad034-404a-43d7-b1c5-b2d60db4968a.jpg
info	2022:08:16 09:59:22	GET Request to /shopping/images/05ebe02f-357e-4053-be90-bfa910aef558.jpg
info	2022:08:16 09:59:22	GET Request to /shopping/images/99305458-f3f5-4669-ac6f-968adf525578.jpg
info	2022:08:16 09:59:22	GET Request to /shopping/images/78f455c6-5bb9-4d37-b3a0-2c4fe4b54648.jpg
info	2022:08:16 09:59:22	GET Request to /shopping/images/fac29118-4bbc-43d4-aa98-52c62bcc16c6.jpg
info	2022:08:16 09:59:22	GET Request to /shopping/images/4d7f3c05-c8f5-473f-9748-bf55bf9ebb44.jpg
info	2022:08:16 09:59:22	GET Request to /shopping/images/ecb9a8c2-6246-4106-b30a-2836c3f754ba.jpg
info	2022:08:16 09:59:22	GET Request to /shopping/images/248d987b-ea83-4493-8068-3d3fdd1dfeba.jpg
info	2022:08:16 09:59:22	GET Request to /shopping/images/38426d87-384e-445b-b35c-bf09a155fb36.jpg
info	2022:08:16 09:59:22	GET Request to /shopping/images/6fab216e-9a52-4641-9795-d213cbf2e0cf.jpg
info	2022:08:16 09:59:22	GET Request to /shopping/images/4f821157-856b-45c2-8e63-3e67dbe88606.jpg
info	2022:08:16 09:59:22	GET Request to /shopping/images/0b74a2fc-7ac7-4b46-ac80-94de1cc0611d.jpg
info	2022:08:16 09:59:22	GET Request to /shopping/images/8608a4f2-2cb7-41ea-ae46-625ab444edb1.jpg
info	2022:08:16 09:59:22	GET Request to /shopping/images/e47e1fd9-6903-405a-87ee-90c3b5a7c2f0.jpg
info	2022:08:16 09:59:22	GET Request to /shopping/images/93182926-741f-4e9f-b038-89efdc85d504.jpg
info	2022:08:16 09:59:22	GET Request to /shopping/images/981b4e40-f2e5-44a9-8e9d-8d377820dd27.jpg
info	2022:08:16 09:59:22	GET Request to /shopping/images/3e29252d-e3ce-4740-b00d-189091315d07.jpg
info	2022:08:16 09:59:22	GET Request to /shopping/images/888f686e-a6d2-4964-ad07-7b68d94ba23b.jpg
info	2022:08:16 09:59:22	GET Request to /shopping/images/31b46f78-ba15-4cde-9e2e-c75110a11f17.jpg
info	2022:08:16 09:59:22	GET Request to /shopping/images/a9af70e8-65ab-4302-b07c-bc13c9015832.jpg
info	2022:08:16 09:59:22	GET Request to /shopping/images/3261b390-575f-4ebb-b871-5d0138f2cc54.jpg
info	2022:08:16 09:59:22	GET Request to /shopping/images/43b8ad7c-ae7e-4287-b0dc-2ee6e2d10b23.jpg
info	2022:08:16 09:59:22	GET Request to /shopping/images/6f7f1071-b7db-45b7-8df2-4200d9ad4ca3.jpg
info	2022:08:16 09:59:22	GET Request to /shopping/images/38e722dc-c904-453b-a4fa-84a5f1ace09f.jpg
info	2022:08:16 09:59:22	GET Request to /shopping/images/6556c33b-cf28-47df-86ba-98a18e246333.jpg
info	2022:08:16 09:59:22	GET Request to /shopping/images/46126453-092b-4fa4-8f8b-d30b874f93f4.jpg
info	2022:08:16 09:59:22	GET Request to /shopping/images/6122ecdb-0c64-4d6a-997f-7200f5eec95c.jpg
info	2022:08:16 09:59:22	GET Request to /shopping/images/f6a9818a-52b6-449d-acf3-29319b805f89.jpg
info	2022:08:16 09:59:54	GET Request to /api/products-count/
info	2022:08:16 09:59:54	GET Request to /api/orders-count/
info	2022:08:16 10:07:32	POST Request to /api/auth/login/
info	2022:08:16 10:07:32	GET Request to /api/orders/
info	2022:08:16 10:07:34	GET Request to /api/cart-by-user/62b4b9cb53a94730e6939d2a
info	2022:08:16 10:07:41	GET Request to /api/products-count/
info	2022:08:16 10:07:41	GET Request to /api/orders-count/
